<?xml version="1.0" encoding="UTF-8"?>

<testsuite name="root_suite"
           failures="2"
           errors="0"
           skipped="4"
           tests="17"
           disabled="0"
           time="4.303745"
           package="CUTe full sample"
           classname="CUTe full sample"
           version="1.0"
           timestamp="2023-12-21T11:27:22+00:00"
           hostname="worker"
           file="/home/peon/build/cute/sample/full.c"
           line="165">
    <properties>
[...]
</properties>
    <testsuite name="pass_suite"
               failures="0"
               errors="0"
               skipped="0"
               tests="5"
               disabled="0"
               time="1.270459"
               package="CUTe full sample"
               classname="root_suite"
               version="1.0"
               id="0"
               timestamp="2023-12-21T11:27:22+00:00"
               hostname="worker"
               file="/home/peon/build/cute/sample/full.c"
               line="123">
        <testcase name="pass_1"
                  classname="root_suite::pass_suite"
                  status="passed"
                  time="0.250126"
                  timestamp="2023-12-21T11:27:22+00:00"
                  file="/home/peon/build/cute/sample/full.c"
                  line="43" />
        <testcase name="pass_2"
                  classname="root_suite::pass_suite"
                  status="passed"
                  time="0.250113"
                  timestamp="2023-12-21T11:27:23+00:00"
                  file="/home/peon/build/cute/sample/full.c"
                  line="49" />
        <testcase name="pass_3"
                  classname="root_suite::pass_suite"
                  status="passed"
                  time="0.250115"
                  timestamp="2023-12-21T11:27:23+00:00"
                  file="/home/peon/build/cute/sample/full.c"
                  line="55" />
        <testcase name="pass_4"
                  classname="root_suite::pass_suite"
                  status="passed"
                  time="0.250113"
                  timestamp="2023-12-21T11:27:23+00:00"
                  file="/home/peon/build/cute/sample/full.c"
                  line="61" />
        <testcase name="pass_5"
                  classname="root_suite::pass_suite"
                  status="passed"
                  time="0.250114"
                  timestamp="2023-12-21T11:27:23+00:00"
                  file="/home/peon/build/cute/sample/full.c"
                  line="67" />
    </testsuite>
    <testsuite name="pass_skip_suite"
               failures="0"
               errors="0"
               skipped="2"
               tests="5"
               disabled="0"
               time="1.266949"
               package="CUTe full sample"
               classname="root_suite"
               version="1.0"
               id="1"
               timestamp="2023-12-21T11:27:24+00:00"
               hostname="worker"
               file="/home/peon/build/cute/sample/full.c"
               line="137">
        <testcase name="pass_1"
                  classname="root_suite::pass_skip_suite"
                  status="passed"
                  time="0.250112"
                  timestamp="2023-12-21T11:27:24+00:00"
                  file="/home/peon/build/cute/sample/full.c"
                  line="43" />
        <testcase name="pass_2"
                  classname="root_suite::pass_skip_suite"
                  status="passed"
                  time="0.250113"
                  timestamp="2023-12-21T11:27:24+00:00"
                  file="/home/peon/build/cute/sample/full.c"
                  line="49" />
        <testcase name="skip_3"
                  classname="root_suite::pass_skip_suite"
                  status="skipped"
                  time="0.250123"
                  timestamp="2023-12-21T11:27:24+00:00"
                  file="/home/peon/build/cute/sample/full.c"
                  line="79">
            <skipped message="exec skipped">
reason: explicit skip requested
source: /home/peon/build/cute/sample/full.c:24
caller: skip()
            </skipped>
        </testcase>
        <testcase name="pass_4"
                  classname="root_suite::pass_skip_suite"
                  status="passed"
                  time="0.250115"
                  timestamp="2023-12-21T11:27:24+00:00"
                  file="/home/peon/build/cute/sample/full.c"
                  line="61" />
        <testcase name="skip_5"
                  classname="root_suite::pass_skip_suite"
                  status="skipped"
                  time="0.250122"
                  timestamp="2023-12-21T11:27:25+00:00"
                  file="/home/peon/build/cute/sample/full.c"
                  line="85">
            <skipped message="exec skipped">
reason: explicit skip requested
source: /home/peon/build/cute/sample/full.c:24
caller: skip()
            </skipped>
        </testcase>
    </testsuite>
    <testsuite name="fail_suite"
               failures="1"
               errors="0"
               skipped="1"
               tests="4"
               disabled="0"
               time="1.010908"
               package="CUTe full sample"
               classname="root_suite"
               version="1.0"
               id="2"
               timestamp="2023-12-21T11:27:25+00:00"
               hostname="worker"
               file="/home/peon/build/cute/sample/full.c"
               line="150">
        <testcase name="pass_1"
                  classname="root_suite::fail_suite"
                  status="passed"
                  time="0.250114"
                  timestamp="2023-12-21T11:27:25+00:00"
                  file="/home/peon/build/cute/sample/full.c"
                  line="43" />
        <testcase name="skip_2"
                  classname="root_suite::fail_suite"
                  status="skipped"
                  time="0.250123"
                  timestamp="2023-12-21T11:27:25+00:00"
                  file="/home/peon/build/cute/sample/full.c"
                  line="73">
            <skipped message="exec skipped">
reason: explicit skip requested
source: /home/peon/build/cute/sample/full.c:24
caller: skip()
            </skipped>
        </testcase>
        <testcase name="fail_3"
                  classname="root_suite::fail_suite"
                  status="failure"
                  time="0.250123"
                  timestamp="2023-12-21T11:27:25+00:00"
                  file="/home/peon/build/cute/sample/full.c"
                  line="91">
            <failure message="exec failed">
reason: assertion check failed
source: /home/peon/build/cute/sample/full.c:32
caller: fail()
assert: 0 == 1
            </failure>
        </testcase>
        <testcase name="pass_4"
                  classname="root_suite::fail_suite"
                  status="passed"
                  time="0.250114"
                  timestamp="2023-12-21T11:27:26+00:00"
                  file="/home/peon/build/cute/sample/full.c"
                  line="61" />
    </testsuite>
    <testcase name="root_pass"
              classname="root_suite"
              status="passed"
              time="0.250120"
              timestamp="2023-12-21T11:27:26+00:00"
              file="/home/peon/build/cute/sample/full.c"
              line="97" />
    <testcase name="root_skip"
              classname="root_suite"
              status="skipped"
              time="0.250122"
              timestamp="2023-12-21T11:27:26+00:00"
              file="/home/peon/build/cute/sample/full.c"
              line="103">
        <skipped message="exec skipped">
reason: explicit skip requested
source: /home/peon/build/cute/sample/full.c:24
caller: skip()
        </skipped>
    </testcase>
    <testcase name="root_fail"
              classname="root_suite"
              status="failure"
              time="0.250125"
              timestamp="2023-12-21T11:27:26+00:00"
              file="/home/peon/build/cute/sample/full.c"
              line="109">
        <failure message="exec failed">
reason: explicit fail requested
source: /home/peon/build/cute/sample/full.c:40
caller: request_fail()
detail: example of an explicit fail request
        </failure>
    </testcase>
</testsuite>
